AndroidPluginDevSDK_androidStudio/moduleDemo/build/intermediates/manifest_merge_blame_file/debug/manifest-merger-blame-debug-report.txt
1<?xml version="1.0" encoding="utf-8"?>
2<manifest xmlns:android="http://schemas.android.com/apk/res/android"
3    package="com.apicloud.sdk.moduledemo"
4    android:versionCode="1"
5    android:versionName="1.0" >
6
7    <uses-sdk
7-->src\main\AndroidManifest.xml:5:5-6:40
8        android:minSdkVersion="15"
8-->src\main\AndroidManifest.xml:5:15-41
9        android:targetSdkVersion="28" />
9-->src\main\AndroidManifest.xml:6:9-38
10
11    <uses-permission android:name="android.permission.VIBRATE" />
11-->src\main\AndroidManifest.xml:8:5-66
11-->src\main\AndroidManifest.xml:8:22-63
12
13    <!-- <meta-data android:name="android.useAndroidX" android:value="true" /> -->
14    <application
14-->src\main\AndroidManifest.xml:12:5-22:19
15        android:allowBackup="true"
15-->src\main\AndroidManifest.xml:12:18-44
16        android:label="@string/app_name"
16-->src\main\AndroidManifest.xml:13:9-41
17        android:supportsRtl="true" >
17-->src\main\AndroidManifest.xml:14:9-35
18        <activity
18-->src\main\AndroidManifest.xml:16:9-20:58
19            android:name="com.apicloud.moduleDemo.DemoActivity"
19-->src\main\AndroidManifest.xml:17:13-64
20            android:configChanges="orientation|locale"
20-->src\main\AndroidManifest.xml:20:13-55
21            android:screenOrientation="portrait"
21-->src\main\AndroidManifest.xml:18:13-49
22            android:theme="@android:style/Theme.DeviceDefault.Light.NoActionBar" />
22-->src\main\AndroidManifest.xml:19:13-81
23    </application>
24
25</manifest>